0 info it worked if it ends with ok
1 verbose cli [ 'C:\\Program Files\\nodejs\\node.exe',
1 verbose cli   'C:\\Program Files\\nodejs\\node_modules\\npm\\bin\\npm-cli.js',
1 verbose cli   'run',
1 verbose cli   'dev' ]
2 info using npm@3.10.9
3 info using node@v6.9.2
4 verbose run-script [ 'predev', 'dev', 'postdev' ]
5 info lifecycle weather@1.0.0~predev: weather@1.0.0
6 silly lifecycle weather@1.0.0~predev: no script for predev, continuing
7 info lifecycle weather@1.0.0~dev: weather@1.0.0
8 verbose lifecycle weather@1.0.0~dev: unsafe-perm in lifecycle true
9 verbose lifecycle weather@1.0.0~dev: PATH: C:\Program Files\nodejs\node_modules\npm\bin\node-gyp-bin;E:\freecodecamp-playground\Weather\node_modules\.bin;C:\Program Files (x86)\De Vries\DeLorean\;C:\Program Files (x86)\De Vries\Wsdl-Xsd Tool\;C:\windows\\Microsoft.NET\Framework\v3.5;C:\Program Files (x86)\Info Support\Endeavour 6.1\ServiceFramework tools\;C:\Program Files (x86)\Info Support\Endeavour 6.1\Sandcastle\Sandcastle Help File Builder;C:\Program Files (x86)\Info Support\Endeavour 6.1\Sandcastle\ProductTools;C:\Program Files (x86)\Info Support\Endeavour 6.1\DataSetManager\;C:\Program Files (x86)\Info Support\Endeavour 6.1\MSTest\Coverage2XML;C:\windows\system32;C:\windows;C:\windows\System32\Wbem;C:\windows\System32\WindowsPowerShell\v1.0\;C:\windows\system32\config\systemprofile\.dnx\bin;C:\Program Files\Microsoft DNX\Dnvm\;C:\Program Files\Microsoft SQL Server\120\Tools\Binn\;C:\Program Files\Microsoft SQL Server\130\Tools\Binn\;C:\Program Files (x86)\Microsoft SQL Server\110\Tools\Binn\;C:\Program Files\Microsoft SQL Server\110\Tools\Binn\;C:\Program Files\Microsoft SQL Server\110\DTS\Binn\;C:\Program Files (x86)\Microsoft SQL Server\110\Tools\Binn\ManagementStudio\;C:\Program Files (x86)\Microsoft Visual Studio 10.0\Common7\IDE\PrivateAssemblies\;C:\Program Files (x86)\Microsoft SQL Server\110\DTS\Binn\;C:\Program Files\Git\cmd;C:\Program Files\nodejs\;C:\Users\Fengz\AppData\Local\Microsoft\WindowsApps;C:\Program Files (x86)\Microsoft VS Code\bin;C:\Users\Fengz\AppData\Roaming\npm
10 verbose lifecycle weather@1.0.0~dev: CWD: E:\freecodecamp-playground\Weather
11 silly lifecycle weather@1.0.0~dev: Args: [ '/d /s /c', 'lite-server' ]
12 silly lifecycle weather@1.0.0~dev: Returned: code: 3221225786  signal: null
13 info lifecycle weather@1.0.0~dev: Failed to exec dev script
14 verbose stack Error: weather@1.0.0 dev: `lite-server`
14 verbose stack Exit status 3221225786
14 verbose stack     at EventEmitter.<anonymous> (C:\Program Files\nodejs\node_modules\npm\lib\utils\lifecycle.js:255:16)
14 verbose stack     at emitTwo (events.js:106:13)
14 verbose stack     at EventEmitter.emit (events.js:191:7)
14 verbose stack     at ChildProcess.<anonymous> (C:\Program Files\nodejs\node_modules\npm\lib\utils\spawn.js:40:14)
14 verbose stack     at emitTwo (events.js:106:13)
14 verbose stack     at ChildProcess.emit (events.js:191:7)
14 verbose stack     at maybeClose (internal/child_process.js:877:16)
14 verbose stack     at Process.ChildProcess._handle.onexit (internal/child_process.js:226:5)
15 verbose pkgid weather@1.0.0
16 verbose cwd E:\freecodecamp-playground\Weather
17 error Windows_NT 10.0.14393
18 error argv "C:\\Program Files\\nodejs\\node.exe" "C:\\Program Files\\nodejs\\node_modules\\npm\\bin\\npm-cli.js" "run" "dev"
19 error node v6.9.2
20 error npm  v3.10.9
21 error code ELIFECYCLE
22 error weather@1.0.0 dev: `lite-server`
22 error Exit status 3221225786
23 error Failed at the weather@1.0.0 dev script 'lite-server'.
23 error Make sure you have the latest version of node.js and npm installed.
23 error If you do, this is most likely a problem with the weather package,
23 error not with npm itself.
23 error Tell the author that this fails on your system:
23 error     lite-server
23 error You can get information on how to open an issue for this project with:
23 error     npm bugs weather
23 error Or if that isn't available, you can get their info via:
23 error     npm owner ls weather
23 error There is likely additional logging output above.
24 verbose exit [ 1, true ]
